<?xml version="1.0" encoding="UTF-8"?>
<!-- Generated by org.testng.reporters.JUnitReportReporter -->
<testsuite hostname="INBOOK_X1_SLIM" failures="0" tests="1" name="com.crm.qa.testcases.PreLoginPageTest" time="10.064" errors="0" timestamp="2023-02-02T15:10:57 IST" skipped="0">
  <testcase classname="com.crm.qa.testcases.PreLoginPageTest" name="verifyTwitterIconTest" time="10.064"/>
  <system-out/>
</testsuite> <!-- com.crm.qa.testcases.PreLoginPageTest -->
